0 info it worked if it ends with ok
1 verbose cli [ 'C:\\Program Files\\nodejs\\node.exe',
1 verbose cli   'C:\\Program Files\\nodejs\\node_modules\\npm\\bin\\npm-cli.js',
1 verbose cli   'run',
1 verbose cli   'start-dev' ]
2 info using npm@3.10.10
3 info using node@v6.11.2
4 verbose run-script [ 'prestart-dev', 'start-dev', 'poststart-dev' ]
5 info lifecycle dev@1.0.0~prestart-dev: dev@1.0.0
6 silly lifecycle dev@1.0.0~prestart-dev: no script for prestart-dev, continuing
7 info lifecycle dev@1.0.0~start-dev: dev@1.0.0
8 verbose lifecycle dev@1.0.0~start-dev: unsafe-perm in lifecycle true
9 verbose lifecycle dev@1.0.0~start-dev: PATH: C:\Program Files\nodejs\node_modules\npm\bin\node-gyp-bin;C:\Users\podvb\Desktop\caesar\node_modules\.bin;C:\Program Files\nodejs\node_modules\npm\bin\node-gyp-bin;C:\Users\podvb\Desktop\caesar\node_modules\.bin;C:\Program Files\Docker\Docker\Resources\bin;C:\ProgramData\Oracle\Java\javapath;C:\Windows\system32;C:\Windows;C:\Windows\System32\Wbem;C:\Windows\System32\WindowsPowerShell\v1.0\;C:\Program Files\Git\cmd;C:\Program Files\nodejs\;C:\Windows\system32\config\systemprofile\.dnx\bin;C:\Program Files\Microsoft DNX\Dnvm\;C:\Program Files\Microsoft SQL Server\130\Tools\Binn\;C:\Program Files (x86)\Windows Kits\10\Windows Performance Toolkit\;C:\Go\bin;C:\Users\podvb\AppData\Local\Microsoft\WindowsApps;C:\Users\podvb\AppData\Roaming\npm;C:\Program Files\Heroku\bin
10 verbose lifecycle dev@1.0.0~start-dev: CWD: C:\Users\podvb\Desktop\caesar
11 silly lifecycle dev@1.0.0~start-dev: Args: [ '/d /s /c', 'nodemon server/index.js' ]
12 silly lifecycle dev@1.0.0~start-dev: Returned: code: 1  signal: null
13 info lifecycle dev@1.0.0~start-dev: Failed to exec start-dev script
14 verbose stack Error: dev@1.0.0 start-dev: `nodemon server/index.js`
14 verbose stack Exit status 1
14 verbose stack     at EventEmitter.<anonymous> (C:\Program Files\nodejs\node_modules\npm\lib\utils\lifecycle.js:255:16)
14 verbose stack     at emitTwo (events.js:106:13)
14 verbose stack     at EventEmitter.emit (events.js:191:7)
14 verbose stack     at ChildProcess.<anonymous> (C:\Program Files\nodejs\node_modules\npm\lib\utils\spawn.js:40:14)
14 verbose stack     at emitTwo (events.js:106:13)
14 verbose stack     at ChildProcess.emit (events.js:191:7)
14 verbose stack     at maybeClose (internal/child_process.js:891:16)
14 verbose stack     at Process.ChildProcess._handle.onexit (internal/child_process.js:226:5)
15 verbose pkgid dev@1.0.0
16 verbose cwd C:\Users\podvb\Desktop\caesar
17 error Windows_NT 10.0.15063
18 error argv "C:\\Program Files\\nodejs\\node.exe" "C:\\Program Files\\nodejs\\node_modules\\npm\\bin\\npm-cli.js" "run" "start-dev"
19 error node v6.11.2
20 error npm  v3.10.10
21 error code ELIFECYCLE
22 error dev@1.0.0 start-dev: `nodemon server/index.js`
22 error Exit status 1
23 error Failed at the dev@1.0.0 start-dev script 'nodemon server/index.js'.
23 error Make sure you have the latest version of node.js and npm installed.
23 error If you do, this is most likely a problem with the dev package,
23 error not with npm itself.
23 error Tell the author that this fails on your system:
23 error     nodemon server/index.js
23 error You can get information on how to open an issue for this project with:
23 error     npm bugs dev
23 error Or if that isn't available, you can get their info via:
23 error     npm owner ls dev
23 error There is likely additional logging output above.
24 verbose exit [ 1, true ]
